The system is: Darwin - 16.7.0 - x86_64
Compiling the C compiler identification source file "CMakeCCompilerId.c" succeeded.
Compiler: /Applications/XcodeGM.app/Contents/Developer/Toolchains/XcodeDefault.xctoolchain/usr/bin/cc 
Build flags: 
Id flags: 

The output was:
0


Compilation of the C compiler identification source "CMakeCCompilerId.c" produced "a.out"

The C compiler identification is AppleClang, found in "/Users/moriissei/Desktop/UCSC/Research/MoonPhotoMosaic/CMakeFiles/3.7.2/CompilerIdC/a.out"

Compiling the CXX compiler identification source file "CMakeCXXCompilerId.cpp" succeeded.
Compiler: /Applications/XcodeGM.app/Contents/Developer/Toolchains/XcodeDefault.xctoolchain/usr/bin/c++ 
Build flags: 
Id flags: 

The output was:
0


Compilation of the CXX compiler identification source "CMakeCXXCompilerId.cpp" produced "a.out"

The CXX compiler identification is AppleClang, found in "/Users/moriissei/Desktop/UCSC/Research/MoonPhotoMosaic/CMakeFiles/3.7.2/CompilerIdCXX/a.out"

Determining if the C compiler works passed with the following output:
Change Dir: /Users/moriissei/Desktop/UCSC/Research/MoonPhotoMosaic/CMakeFiles/CMakeTmp

Run Build Command:"/usr/bin/make" "cmTC_2754c/fast"
/Applications/XcodeGM.app/Contents/Developer/usr/bin/make -f CMakeFiles/cmTC_2754c.dir/build.make CMakeFiles/cmTC_2754c.dir/build
Building C object CMakeFiles/cmTC_2754c.dir/testCCompiler.c.o
/Applications/XcodeGM.app/Contents/Developer/Toolchains/XcodeDefault.xctoolchain/usr/bin/cc     -o CMakeFiles/cmTC_2754c.dir/testCCompiler.c.o   -c /Users/moriissei/Desktop/UCSC/Research/MoonPhotoMosaic/CMakeFiles/CMakeTmp/testCCompiler.c
Linking C executable cmTC_2754c
/usr/local/Cellar/cmake/3.7.2/bin/cmake -E cmake_link_script CMakeFiles/cmTC_2754c.dir/link.txt --verbose=1
/Applications/XcodeGM.app/Contents/Developer/Toolchains/XcodeDefault.xctoolchain/usr/bin/cc    -Wl,-search_paths_first -Wl,-headerpad_max_install_names   CMakeFiles/cmTC_2754c.dir/testCCompiler.c.o  -o cmTC_2754c  


Detecting C compiler ABI info compiled with the following output:
Change Dir: /Users/moriissei/Desktop/UCSC/Research/MoonPhotoMosaic/CMakeFiles/CMakeTmp

Run Build Command:"/usr/bin/make" "cmTC_fd7cf/fast"
/Applications/XcodeGM.app/Contents/Developer/usr/bin/make -f CMakeFiles/cmTC_fd7cf.dir/build.make CMakeFiles/cmTC_fd7cf.dir/build
Building C object CMakeFiles/cmTC_fd7cf.dir/CMakeCCompilerABI.c.o
/Applications/XcodeGM.app/Contents/Developer/Toolchains/XcodeDefault.xctoolchain/usr/bin/cc     -o CMakeFiles/cmTC_fd7cf.dir/CMakeCCompilerABI.c.o   -c /usr/local/Cellar/cmake/3.7.2/share/cmake/Modules/CMakeCCompilerABI.c
Linking C executable cmTC_fd7cf
/usr/local/Cellar/cmake/3.7.2/bin/cmake -E cmake_link_script CMakeFiles/cmTC_fd7cf.dir/link.txt --verbose=1
/Applications/XcodeGM.app/Contents/Developer/Toolchains/XcodeDefault.xctoolchain/usr/bin/cc    -Wl,-search_paths_first -Wl,-headerpad_max_install_names  -v -Wl,-v CMakeFiles/cmTC_fd7cf.dir/CMakeCCompilerABI.c.o  -o cmTC_fd7cf   
Apple LLVM version 8.0.0 (clang-800.0.38)
Target: x86_64-apple-darwin16.7.0
Thread model: posix
InstalledDir: /Applications/XcodeGM.app/Contents/Developer/Toolchains/XcodeDefault.xctoolchain/usr/bin
 "/Applications/XcodeGM.app/Contents/Developer/Toolchains/XcodeDefault.xctoolchain/usr/bin/ld" -demangle -dynamic -arch x86_64 -macosx_version_min 10.12.0 -o cmTC_fd7cf -search_paths_first -headerpad_max_install_names -v CMakeFiles/cmTC_fd7cf.dir/CMakeCCompilerABI.c.o -lSystem /Applications/XcodeGM.app/Contents/Developer/Toolchains/XcodeDefault.xctoolchain/usr/bin/../lib/clang/8.0.0/lib/darwin/libclang_rt.osx.a
@(#)PROGRAM:ld  PROJECT:ld64-274.1
configured to support archs: armv6 armv7 armv7s arm64 i386 x86_64 x86_64h armv6m armv7k armv7m armv7em (tvOS)
Library search paths:
	/usr/lib
	/usr/local/lib
Framework search paths:
	/Library/Frameworks/
	/System/Library/Frameworks/


Parsed C implicit link information from above output:
  link line regex: [^( *|.*[/\])(ld|([^/\]+-)?ld|collect2)[^/\]*( |$)]
  ignore line: [Change Dir: /Users/moriissei/Desktop/UCSC/Research/MoonPhotoMosaic/CMakeFiles/CMakeTmp]
  ignore line: []
  ignore line: [Run Build Command:"/usr/bin/make" "cmTC_fd7cf/fast"]
  ignore line: [/Applications/XcodeGM.app/Contents/Developer/usr/bin/make -f CMakeFiles/cmTC_fd7cf.dir/build.make CMakeFiles/cmTC_fd7cf.dir/build]
  ignore line: [Building C object CMakeFiles/cmTC_fd7cf.dir/CMakeCCompilerABI.c.o]
  ignore line: [/Applications/XcodeGM.app/Contents/Developer/Toolchains/XcodeDefault.xctoolchain/usr/bin/cc     -o CMakeFiles/cmTC_fd7cf.dir/CMakeCCompilerABI.c.o   -c /usr/local/Cellar/cmake/3.7.2/share/cmake/Modules/CMakeCCompilerABI.c]
  ignore line: [Linking C executable cmTC_fd7cf]
  ignore line: [/usr/local/Cellar/cmake/3.7.2/bin/cmake -E cmake_link_script CMakeFiles/cmTC_fd7cf.dir/link.txt --verbose=1]
  ignore line: [/Applications/XcodeGM.app/Contents/Developer/Toolchains/XcodeDefault.xctoolchain/usr/bin/cc    -Wl,-search_paths_first -Wl,-headerpad_max_install_names  -v -Wl,-v CMakeFiles/cmTC_fd7cf.dir/CMakeCCompilerABI.c.o  -o cmTC_fd7cf   ]
  ignore line: [Apple LLVM version 8.0.0 (clang-800.0.38)]
  ignore line: [Target: x86_64-apple-darwin16.7.0]
  ignore line: [Thread model: posix]
  ignore line: [InstalledDir: /Applications/XcodeGM.app/Contents/Developer/Toolchains/XcodeDefault.xctoolchain/usr/bin]
  link line: [ "/Applications/XcodeGM.app/Contents/Developer/Toolchains/XcodeDefault.xctoolchain/usr/bin/ld" -demangle -dynamic -arch x86_64 -macosx_version_min 10.12.0 -o cmTC_fd7cf -search_paths_first -headerpad_max_install_names -v CMakeFiles/cmTC_fd7cf.dir/CMakeCCompilerABI.c.o -lSystem /Applications/XcodeGM.app/Contents/Developer/Toolchains/XcodeDefault.xctoolchain/usr/bin/../lib/clang/8.0.0/lib/darwin/libclang_rt.osx.a]
    arg [/Applications/XcodeGM.app/Contents/Developer/Toolchains/XcodeDefault.xctoolchain/usr/bin/ld] ==> ignore
    arg [-demangle] ==> ignore
    arg [-dynamic] ==> ignore
    arg [-arch] ==> ignore
    arg [x86_64] ==> ignore
    arg [-macosx_version_min] ==> ignore
    arg [10.12.0] ==> ignore
    arg [-o] ==> ignore
    arg [cmTC_fd7cf] ==> ignore
    arg [-search_paths_first] ==> ignore
    arg [-headerpad_max_install_names] ==> ignore
    arg [-v] ==> ignore
    arg [CMakeFiles/cmTC_fd7cf.dir/CMakeCCompilerABI.c.o] ==> ignore
    arg [-lSystem] ==> lib [System]
    arg [/Applications/XcodeGM.app/Contents/Developer/Toolchains/XcodeDefault.xctoolchain/usr/bin/../lib/clang/8.0.0/lib/darwin/libclang_rt.osx.a] ==> lib [/Applications/XcodeGM.app/Contents/Developer/Toolchains/XcodeDefault.xctoolchain/usr/bin/../lib/clang/8.0.0/lib/darwin/libclang_rt.osx.a]
  Library search paths: [;/usr/lib;/usr/local/lib]
  Framework search paths: [;/Library/Frameworks/;/System/Library/Frameworks/]
  remove lib [System]
  remove lib [/Applications/XcodeGM.app/Contents/Developer/Toolchains/XcodeDefault.xctoolchain/usr/bin/../lib/clang/8.0.0/lib/darwin/libclang_rt.osx.a]
  collapse library dir [/usr/lib] ==> [/usr/lib]
  collapse library dir [/usr/local/lib] ==> [/usr/local/lib]
  collapse framework dir [/Library/Frameworks/] ==> [/Library/Frameworks]
  collapse framework dir [/System/Library/Frameworks/] ==> [/System/Library/Frameworks]
  implicit libs: []
  implicit dirs: [/usr/lib;/usr/local/lib]
  implicit fwks: [/Library/Frameworks;/System/Library/Frameworks]




Detecting C [-std=c11] compiler features compiled with the following output:
Change Dir: /Users/moriissei/Desktop/UCSC/Research/MoonPhotoMosaic/CMakeFiles/CMakeTmp

Run Build Command:"/usr/bin/make" "cmTC_6a024/fast"
/Applications/XcodeGM.app/Contents/Developer/usr/bin/make -f CMakeFiles/cmTC_6a024.dir/build.make CMakeFiles/cmTC_6a024.dir/build
Building C object CMakeFiles/cmTC_6a024.dir/feature_tests.c.o
/Applications/XcodeGM.app/Contents/Developer/Toolchains/XcodeDefault.xctoolchain/usr/bin/cc    -std=c11 -o CMakeFiles/cmTC_6a024.dir/feature_tests.c.o   -c /Users/moriissei/Desktop/UCSC/Research/MoonPhotoMosaic/CMakeFiles/feature_tests.c
Linking C executable cmTC_6a024
/usr/local/Cellar/cmake/3.7.2/bin/cmake -E cmake_link_script CMakeFiles/cmTC_6a024.dir/link.txt --verbose=1
/Applications/XcodeGM.app/Contents/Developer/Toolchains/XcodeDefault.xctoolchain/usr/bin/cc    -Wl,-search_paths_first -Wl,-headerpad_max_install_names   CMakeFiles/cmTC_6a024.dir/feature_tests.c.o  -o cmTC_6a024  


    Feature record: C_FEATURE:1c_function_prototypes
    Feature record: C_FEATURE:1c_restrict
    Feature record: C_FEATURE:1c_static_assert
    Feature record: C_FEATURE:1c_variadic_macros


Detecting C [-std=c99] compiler features compiled with the following output:
Change Dir: /Users/moriissei/Desktop/UCSC/Research/MoonPhotoMosaic/CMakeFiles/CMakeTmp

Run Build Command:"/usr/bin/make" "cmTC_37742/fast"
/Applications/XcodeGM.app/Contents/Developer/usr/bin/make -f CMakeFiles/cmTC_37742.dir/build.make CMakeFiles/cmTC_37742.dir/build
Building C object CMakeFiles/cmTC_37742.dir/feature_tests.c.o
/Applications/XcodeGM.app/Contents/Developer/Toolchains/XcodeDefault.xctoolchain/usr/bin/cc    -std=c99 -o CMakeFiles/cmTC_37742.dir/feature_tests.c.o   -c /Users/moriissei/Desktop/UCSC/Research/MoonPhotoMosaic/CMakeFiles/feature_tests.c
Linking C executable cmTC_37742
/usr/local/Cellar/cmake/3.7.2/bin/cmake -E cmake_link_script CMakeFiles/cmTC_37742.dir/link.txt --verbose=1
/Applications/XcodeGM.app/Contents/Developer/Toolchains/XcodeDefault.xctoolchain/usr/bin/cc    -Wl,-search_paths_first -Wl,-headerpad_max_install_names   CMakeFiles/cmTC_37742.dir/feature_tests.c.o  -o cmTC_37742  


    Feature record: C_FEATURE:1c_function_prototypes
    Feature record: C_FEATURE:1c_restrict
    Feature record: C_FEATURE:0c_static_assert
    Feature record: C_FEATURE:1c_variadic_macros


Detecting C [-std=c90] compiler features compiled with the following output:
Change Dir: /Users/moriissei/Desktop/UCSC/Research/MoonPhotoMosaic/CMakeFiles/CMakeTmp

Run Build Command:"/usr/bin/make" "cmTC_4448b/fast"
/Applications/XcodeGM.app/Contents/Developer/usr/bin/make -f CMakeFiles/cmTC_4448b.dir/build.make CMakeFiles/cmTC_4448b.dir/build
Building C object CMakeFiles/cmTC_4448b.dir/feature_tests.c.o
/Applications/XcodeGM.app/Contents/Developer/Toolchains/XcodeDefault.xctoolchain/usr/bin/cc    -std=c90 -o CMakeFiles/cmTC_4448b.dir/feature_tests.c.o   -c /Users/moriissei/Desktop/UCSC/Research/MoonPhotoMosaic/CMakeFiles/feature_tests.c
Linking C executable cmTC_4448b
/usr/local/Cellar/cmake/3.7.2/bin/cmake -E cmake_link_script CMakeFiles/cmTC_4448b.dir/link.txt --verbose=1
/Applications/XcodeGM.app/Contents/Developer/Toolchains/XcodeDefault.xctoolchain/usr/bin/cc    -Wl,-search_paths_first -Wl,-headerpad_max_install_names   CMakeFiles/cmTC_4448b.dir/feature_tests.c.o  -o cmTC_4448b  


    Feature record: C_FEATURE:1c_function_prototypes
    Feature record: C_FEATURE:0c_restrict
    Feature record: C_FEATURE:0c_static_assert
    Feature record: C_FEATURE:0c_variadic_macros
Determining if the CXX compiler works passed with the following output:
Change Dir: /Users/moriissei/Desktop/UCSC/Research/MoonPhotoMosaic/CMakeFiles/CMakeTmp

Run Build Command:"/usr/bin/make" "cmTC_ef260/fast"
/Applications/XcodeGM.app/Contents/Developer/usr/bin/make -f CMakeFiles/cmTC_ef260.dir/build.make CMakeFiles/cmTC_ef260.dir/build
Building CXX object CMakeFiles/cmTC_ef260.dir/testCXXCompiler.cxx.o
/Applications/XcodeGM.app/Contents/Developer/Toolchains/XcodeDefault.xctoolchain/usr/bin/c++      -o CMakeFiles/cmTC_ef260.dir/testCXXCompiler.cxx.o -c /Users/moriissei/Desktop/UCSC/Research/MoonPhotoMosaic/CMakeFiles/CMakeTmp/testCXXCompiler.cxx
Linking CXX executable cmTC_ef260
/usr/local/Cellar/cmake/3.7.2/bin/cmake -E cmake_link_script CMakeFiles/cmTC_ef260.dir/link.txt --verbose=1
/Applications/XcodeGM.app/Contents/Developer/Toolchains/XcodeDefault.xctoolchain/usr/bin/c++     -Wl,-search_paths_first -Wl,-headerpad_max_install_names   CMakeFiles/cmTC_ef260.dir/testCXXCompiler.cxx.o  -o cmTC_ef260  


Detecting CXX compiler ABI info compiled with the following output:
Change Dir: /Users/moriissei/Desktop/UCSC/Research/MoonPhotoMosaic/CMakeFiles/CMakeTmp

Run Build Command:"/usr/bin/make" "cmTC_6544a/fast"
/Applications/XcodeGM.app/Contents/Developer/usr/bin/make -f CMakeFiles/cmTC_6544a.dir/build.make CMakeFiles/cmTC_6544a.dir/build
Building CXX object CMakeFiles/cmTC_6544a.dir/CMakeCXXCompilerABI.cpp.o
/Applications/XcodeGM.app/Contents/Developer/Toolchains/XcodeDefault.xctoolchain/usr/bin/c++      -o CMakeFiles/cmTC_6544a.dir/CMakeCXXCompilerABI.cpp.o -c /usr/local/Cellar/cmake/3.7.2/share/cmake/Modules/CMakeCXXCompilerABI.cpp
Linking CXX executable cmTC_6544a
/usr/local/Cellar/cmake/3.7.2/bin/cmake -E cmake_link_script CMakeFiles/cmTC_6544a.dir/link.txt --verbose=1
/Applications/XcodeGM.app/Contents/Developer/Toolchains/XcodeDefault.xctoolchain/usr/bin/c++     -Wl,-search_paths_first -Wl,-headerpad_max_install_names  -v -Wl,-v CMakeFiles/cmTC_6544a.dir/CMakeCXXCompilerABI.cpp.o  -o cmTC_6544a   
Apple LLVM version 8.0.0 (clang-800.0.38)
Target: x86_64-apple-darwin16.7.0
Thread model: posix
InstalledDir: /Applications/XcodeGM.app/Contents/Developer/Toolchains/XcodeDefault.xctoolchain/usr/bin
 "/Applications/XcodeGM.app/Contents/Developer/Toolchains/XcodeDefault.xctoolchain/usr/bin/ld" -demangle -dynamic -arch x86_64 -macosx_version_min 10.12.0 -o cmTC_6544a -search_paths_first -headerpad_max_install_names -v CMakeFiles/cmTC_6544a.dir/CMakeCXXCompilerABI.cpp.o -lc++ -lSystem /Applications/XcodeGM.app/Contents/Developer/Toolchains/XcodeDefault.xctoolchain/usr/bin/../lib/clang/8.0.0/lib/darwin/libclang_rt.osx.a
@(#)PROGRAM:ld  PROJECT:ld64-274.1
configured to support archs: armv6 armv7 armv7s arm64 i386 x86_64 x86_64h armv6m armv7k armv7m armv7em (tvOS)
Library search paths:
	/usr/lib
	/usr/local/lib
Framework search paths:
	/Library/Frameworks/
	/System/Library/Frameworks/


Parsed CXX implicit link information from above output:
  link line regex: [^( *|.*[/\])(ld|([^/\]+-)?ld|collect2)[^/\]*( |$)]
  ignore line: [Change Dir: /Users/moriissei/Desktop/UCSC/Research/MoonPhotoMosaic/CMakeFiles/CMakeTmp]
  ignore line: []
  ignore line: [Run Build Command:"/usr/bin/make" "cmTC_6544a/fast"]
  ignore line: [/Applications/XcodeGM.app/Contents/Developer/usr/bin/make -f CMakeFiles/cmTC_6544a.dir/build.make CMakeFiles/cmTC_6544a.dir/build]
  ignore line: [Building CXX object CMakeFiles/cmTC_6544a.dir/CMakeCXXCompilerABI.cpp.o]
  ignore line: [/Applications/XcodeGM.app/Contents/Developer/Toolchains/XcodeDefault.xctoolchain/usr/bin/c++      -o CMakeFiles/cmTC_6544a.dir/CMakeCXXCompilerABI.cpp.o -c /usr/local/Cellar/cmake/3.7.2/share/cmake/Modules/CMakeCXXCompilerABI.cpp]
  ignore line: [Linking CXX executable cmTC_6544a]
  ignore line: [/usr/local/Cellar/cmake/3.7.2/bin/cmake -E cmake_link_script CMakeFiles/cmTC_6544a.dir/link.txt --verbose=1]
  ignore line: [/Applications/XcodeGM.app/Contents/Developer/Toolchains/XcodeDefault.xctoolchain/usr/bin/c++     -Wl,-search_paths_first -Wl,-headerpad_max_install_names  -v -Wl,-v CMakeFiles/cmTC_6544a.dir/CMakeCXXCompilerABI.cpp.o  -o cmTC_6544a   ]
  ignore line: [Apple LLVM version 8.0.0 (clang-800.0.38)]
  ignore line: [Target: x86_64-apple-darwin16.7.0]
  ignore line: [Thread model: posix]
  ignore line: [InstalledDir: /Applications/XcodeGM.app/Contents/Developer/Toolchains/XcodeDefault.xctoolchain/usr/bin]
  link line: [ "/Applications/XcodeGM.app/Contents/Developer/Toolchains/XcodeDefault.xctoolchain/usr/bin/ld" -demangle -dynamic -arch x86_64 -macosx_version_min 10.12.0 -o cmTC_6544a -search_paths_first -headerpad_max_install_names -v CMakeFiles/cmTC_6544a.dir/CMakeCXXCompilerABI.cpp.o -lc++ -lSystem /Applications/XcodeGM.app/Contents/Developer/Toolchains/XcodeDefault.xctoolchain/usr/bin/../lib/clang/8.0.0/lib/darwin/libclang_rt.osx.a]
    arg [/Applications/XcodeGM.app/Contents/Developer/Toolchains/XcodeDefault.xctoolchain/usr/bin/ld] ==> ignore
    arg [-demangle] ==> ignore
    arg [-dynamic] ==> ignore
    arg [-arch] ==> ignore
    arg [x86_64] ==> ignore
    arg [-macosx_version_min] ==> ignore
    arg [10.12.0] ==> ignore
    arg [-o] ==> ignore
    arg [cmTC_6544a] ==> ignore
    arg [-search_paths_first] ==> ignore
    arg [-headerpad_max_install_names] ==> ignore
    arg [-v] ==> ignore
    arg [CMakeFiles/cmTC_6544a.dir/CMakeCXXCompilerABI.cpp.o] ==> ignore
    arg [-lc++] ==> lib [c++]
    arg [-lSystem] ==> lib [System]
    arg [/Applications/XcodeGM.app/Contents/Developer/Toolchains/XcodeDefault.xctoolchain/usr/bin/../lib/clang/8.0.0/lib/darwin/libclang_rt.osx.a] ==> lib [/Applications/XcodeGM.app/Contents/Developer/Toolchains/XcodeDefault.xctoolchain/usr/bin/../lib/clang/8.0.0/lib/darwin/libclang_rt.osx.a]
  Library search paths: [;/usr/lib;/usr/local/lib]
  Framework search paths: [;/Library/Frameworks/;/System/Library/Frameworks/]
  remove lib [System]
  remove lib [/Applications/XcodeGM.app/Contents/Developer/Toolchains/XcodeDefault.xctoolchain/usr/bin/../lib/clang/8.0.0/lib/darwin/libclang_rt.osx.a]
  collapse library dir [/usr/lib] ==> [/usr/lib]
  collapse library dir [/usr/local/lib] ==> [/usr/local/lib]
  collapse framework dir [/Library/Frameworks/] ==> [/Library/Frameworks]
  collapse framework dir [/System/Library/Frameworks/] ==> [/System/Library/Frameworks]
  implicit libs: [c++]
  implicit dirs: [/usr/lib;/usr/local/lib]
  implicit fwks: [/Library/Frameworks;/System/Library/Frameworks]




Detecting CXX [-std=c++14] compiler features compiled with the following output:
Change Dir: /Users/moriissei/Desktop/UCSC/Research/MoonPhotoMosaic/CMakeFiles/CMakeTmp

Run Build Command:"/usr/bin/make" "cmTC_97242/fast"
/Applications/XcodeGM.app/Contents/Developer/usr/bin/make -f CMakeFiles/cmTC_97242.dir/build.make CMakeFiles/cmTC_97242.dir/build
Building CXX object CMakeFiles/cmTC_97242.dir/feature_tests.cxx.o
/Applications/XcodeGM.app/Contents/Developer/Toolchains/XcodeDefault.xctoolchain/usr/bin/c++     -std=c++14 -o CMakeFiles/cmTC_97242.dir/feature_tests.cxx.o -c /Users/moriissei/Desktop/UCSC/Research/MoonPhotoMosaic/CMakeFiles/feature_tests.cxx
Linking CXX executable cmTC_97242
/usr/local/Cellar/cmake/3.7.2/bin/cmake -E cmake_link_script CMakeFiles/cmTC_97242.dir/link.txt --verbose=1
/Applications/XcodeGM.app/Contents/Developer/Toolchains/XcodeDefault.xctoolchain/usr/bin/c++     -Wl,-search_paths_first -Wl,-headerpad_max_install_names   CMakeFiles/cmTC_97242.dir/feature_tests.cxx.o  -o cmTC_97242  


    Feature record: CXX_FEATURE:1cxx_aggregate_default_initializers
    Feature record: CXX_FEATURE:1cxx_alias_templates
    Feature record: CXX_FEATURE:1cxx_alignas
    Feature record: CXX_FEATURE:1cxx_alignof
    Feature record: CXX_FEATURE:1cxx_attributes
    Feature record: CXX_FEATURE:1cxx_attribute_deprecated
    Feature record: CXX_FEATURE:1cxx_auto_type
    Feature record: CXX_FEATURE:1cxx_binary_literals
    Feature record: CXX_FEATURE:1cxx_constexpr
    Feature record: CXX_FEATURE:1cxx_contextual_conversions
    Feature record: CXX_FEATURE:1cxx_decltype
    Feature record: CXX_FEATURE:1cxx_decltype_auto
    Feature record: CXX_FEATURE:1cxx_decltype_incomplete_return_types
    Feature record: CXX_FEATURE:1cxx_default_function_template_args
    Feature record: CXX_FEATURE:1cxx_defaulted_functions
    Feature record: CXX_FEATURE:1cxx_defaulted_move_initializers
    Feature record: CXX_FEATURE:1cxx_delegating_constructors
    Feature record: CXX_FEATURE:1cxx_deleted_functions
    Feature record: CXX_FEATURE:1cxx_digit_separators
    Feature record: CXX_FEATURE:1cxx_enum_forward_declarations
    Feature record: CXX_FEATURE:1cxx_explicit_conversions
    Feature record: CXX_FEATURE:1cxx_extended_friend_declarations
    Feature record: CXX_FEATURE:1cxx_extern_templates
    Feature record: CXX_FEATURE:1cxx_final
    Feature record: CXX_FEATURE:1cxx_func_identifier
    Feature record: CXX_FEATURE:1cxx_generalized_initializers
    Feature record: CXX_FEATURE:1cxx_generic_lambdas
    Feature record: CXX_FEATURE:1cxx_inheriting_constructors
    Feature record: CXX_FEATURE:1cxx_inline_namespaces
    Feature record: CXX_FEATURE:1cxx_lambdas
    Feature record: CXX_FEATURE:1cxx_lambda_init_captures
    Feature record: CXX_FEATURE:1cxx_local_type_template_args
    Feature record: CXX_FEATURE:1cxx_long_long_type
    Feature record: CXX_FEATURE:1cxx_noexcept
    Feature record: CXX_FEATURE:1cxx_nonstatic_member_init
    Feature record: CXX_FEATURE:1cxx_nullptr
    Feature record: CXX_FEATURE:1cxx_override
    Feature record: CXX_FEATURE:1cxx_range_for
    Feature record: CXX_FEATURE:1cxx_raw_string_literals
    Feature record: CXX_FEATURE:1cxx_reference_qualified_functions
    Feature record: CXX_FEATURE:1cxx_relaxed_constexpr
    Feature record: CXX_FEATURE:1cxx_return_type_deduction
    Feature record: CXX_FEATURE:1cxx_right_angle_brackets
    Feature record: CXX_FEATURE:1cxx_rvalue_references
    Feature record: CXX_FEATURE:1cxx_sizeof_member
    Feature record: CXX_FEATURE:1cxx_static_assert
    Feature record: CXX_FEATURE:1cxx_strong_enums
    Feature record: CXX_FEATURE:1cxx_template_template_parameters
    Feature record: CXX_FEATURE:1cxx_thread_local
    Feature record: CXX_FEATURE:1cxx_trailing_return_types
    Feature record: CXX_FEATURE:1cxx_unicode_literals
    Feature record: CXX_FEATURE:1cxx_uniform_initialization
    Feature record: CXX_FEATURE:1cxx_unrestricted_unions
    Feature record: CXX_FEATURE:1cxx_user_literals
    Feature record: CXX_FEATURE:1cxx_variable_templates
    Feature record: CXX_FEATURE:1cxx_variadic_macros
    Feature record: CXX_FEATURE:1cxx_variadic_templates


Detecting CXX [-std=c++11] compiler features compiled with the following output:
Change Dir: /Users/moriissei/Desktop/UCSC/Research/MoonPhotoMosaic/CMakeFiles/CMakeTmp

Run Build Command:"/usr/bin/make" "cmTC_54926/fast"
/Applications/XcodeGM.app/Contents/Developer/usr/bin/make -f CMakeFiles/cmTC_54926.dir/build.make CMakeFiles/cmTC_54926.dir/build
Building CXX object CMakeFiles/cmTC_54926.dir/feature_tests.cxx.o
/Applications/XcodeGM.app/Contents/Developer/Toolchains/XcodeDefault.xctoolchain/usr/bin/c++     -std=c++11 -o CMakeFiles/cmTC_54926.dir/feature_tests.cxx.o -c /Users/moriissei/Desktop/UCSC/Research/MoonPhotoMosaic/CMakeFiles/feature_tests.cxx
Linking CXX executable cmTC_54926
/usr/local/Cellar/cmake/3.7.2/bin/cmake -E cmake_link_script CMakeFiles/cmTC_54926.dir/link.txt --verbose=1
/Applications/XcodeGM.app/Contents/Developer/Toolchains/XcodeDefault.xctoolchain/usr/bin/c++     -Wl,-search_paths_first -Wl,-headerpad_max_install_names   CMakeFiles/cmTC_54926.dir/feature_tests.cxx.o  -o cmTC_54926  


    Feature record: CXX_FEATURE:0cxx_aggregate_default_initializers
    Feature record: CXX_FEATURE:1cxx_alias_templates
    Feature record: CXX_FEATURE:1cxx_alignas
    Feature record: CXX_FEATURE:1cxx_alignof
    Feature record: CXX_FEATURE:1cxx_attributes
    Feature record: CXX_FEATURE:0cxx_attribute_deprecated
    Feature record: CXX_FEATURE:1cxx_auto_type
    Feature record: CXX_FEATURE:0cxx_binary_literals
    Feature record: CXX_FEATURE:1cxx_constexpr
    Feature record: CXX_FEATURE:0cxx_contextual_conversions
    Feature record: CXX_FEATURE:1cxx_decltype
    Feature record: CXX_FEATURE:0cxx_decltype_auto
    Feature record: CXX_FEATURE:1cxx_decltype_incomplete_return_types
    Feature record: CXX_FEATURE:1cxx_default_function_template_args
    Feature record: CXX_FEATURE:1cxx_defaulted_functions
    Feature record: CXX_FEATURE:1cxx_defaulted_move_initializers
    Feature record: CXX_FEATURE:1cxx_delegating_constructors
    Feature record: CXX_FEATURE:1cxx_deleted_functions
    Feature record: CXX_FEATURE:0cxx_digit_separators
    Feature record: CXX_FEATURE:1cxx_enum_forward_declarations
    Feature record: CXX_FEATURE:1cxx_explicit_conversions
    Feature record: CXX_FEATURE:1cxx_extended_friend_declarations
    Feature record: CXX_FEATURE:1cxx_extern_templates
    Feature record: CXX_FEATURE:1cxx_final
    Feature record: CXX_FEATURE:1cxx_func_identifier
    Feature record: CXX_FEATURE:1cxx_generalized_initializers
    Feature record: CXX_FEATURE:0cxx_generic_lambdas
    Feature record: CXX_FEATURE:1cxx_inheriting_constructors
    Feature record: CXX_FEATURE:1cxx_inline_namespaces
    Feature record: CXX_FEATURE:1cxx_lambdas
    Feature record: CXX_FEATURE:0cxx_lambda_init_captures
    Feature record: CXX_FEATURE:1cxx_local_type_template_args
    Feature record: CXX_FEATURE:1cxx_long_long_type
    Feature record: CXX_FEATURE:1cxx_noexcept
    Feature record: CXX_FEATURE:1cxx_nonstatic_member_init
    Feature record: CXX_FEATURE:1cxx_nullptr
    Feature record: CXX_FEATURE:1cxx_override
    Feature record: CXX_FEATURE:1cxx_range_for
    Feature record: CXX_FEATURE:1cxx_raw_string_literals
    Feature record: CXX_FEATURE:1cxx_reference_qualified_functions
    Feature record: CXX_FEATURE:0cxx_relaxed_constexpr
    Feature record: CXX_FEATURE:0cxx_return_type_deduction
    Feature record: CXX_FEATURE:1cxx_right_angle_brackets
    Feature record: CXX_FEATURE:1cxx_rvalue_references
    Feature record: CXX_FEATURE:1cxx_sizeof_member
    Feature record: CXX_FEATURE:1cxx_static_assert
    Feature record: CXX_FEATURE:1cxx_strong_enums
    Feature record: CXX_FEATURE:1cxx_template_template_parameters
    Feature record: CXX_FEATURE:1cxx_thread_local
    Feature record: CXX_FEATURE:1cxx_trailing_return_types
    Feature record: CXX_FEATURE:1cxx_unicode_literals
    Feature record: CXX_FEATURE:1cxx_uniform_initialization
    Feature record: CXX_FEATURE:1cxx_unrestricted_unions
    Feature record: CXX_FEATURE:1cxx_user_literals
    Feature record: CXX_FEATURE:0cxx_variable_templates
    Feature record: CXX_FEATURE:1cxx_variadic_macros
    Feature record: CXX_FEATURE:1cxx_variadic_templates


Detecting CXX [-std=c++98] compiler features compiled with the following output:
Change Dir: /Users/moriissei/Desktop/UCSC/Research/MoonPhotoMosaic/CMakeFiles/CMakeTmp

Run Build Command:"/usr/bin/make" "cmTC_4e84f/fast"
/Applications/XcodeGM.app/Contents/Developer/usr/bin/make -f CMakeFiles/cmTC_4e84f.dir/build.make CMakeFiles/cmTC_4e84f.dir/build
Building CXX object CMakeFiles/cmTC_4e84f.dir/feature_tests.cxx.o
/Applications/XcodeGM.app/Contents/Developer/Toolchains/XcodeDefault.xctoolchain/usr/bin/c++     -std=c++98 -o CMakeFiles/cmTC_4e84f.dir/feature_tests.cxx.o -c /Users/moriissei/Desktop/UCSC/Research/MoonPhotoMosaic/CMakeFiles/feature_tests.cxx
Linking CXX executable cmTC_4e84f
/usr/local/Cellar/cmake/3.7.2/bin/cmake -E cmake_link_script CMakeFiles/cmTC_4e84f.dir/link.txt --verbose=1
/Applications/XcodeGM.app/Contents/Developer/Toolchains/XcodeDefault.xctoolchain/usr/bin/c++     -Wl,-search_paths_first -Wl,-headerpad_max_install_names   CMakeFiles/cmTC_4e84f.dir/feature_tests.cxx.o  -o cmTC_4e84f  


    Feature record: CXX_FEATURE:0cxx_aggregate_default_initializers
    Feature record: CXX_FEATURE:0cxx_alias_templates
    Feature record: CXX_FEATURE:0cxx_alignas
    Feature record: CXX_FEATURE:0cxx_alignof
    Feature record: CXX_FEATURE:0cxx_attributes
    Feature record: CXX_FEATURE:0cxx_attribute_deprecated
    Feature record: CXX_FEATURE:0cxx_auto_type
    Feature record: CXX_FEATURE:0cxx_binary_literals
    Feature record: CXX_FEATURE:0cxx_constexpr
    Feature record: CXX_FEATURE:0cxx_contextual_conversions
    Feature record: CXX_FEATURE:0cxx_decltype
    Feature record: CXX_FEATURE:0cxx_decltype_auto
    Feature record: CXX_FEATURE:0cxx_decltype_incomplete_return_types
    Feature record: CXX_FEATURE:0cxx_default_function_template_args
    Feature record: CXX_FEATURE:0cxx_defaulted_functions
    Feature record: CXX_FEATURE:0cxx_defaulted_move_initializers
    Feature record: CXX_FEATURE:0cxx_delegating_constructors
    Feature record: CXX_FEATURE:0cxx_deleted_functions
    Feature record: CXX_FEATURE:0cxx_digit_separators
    Feature record: CXX_FEATURE:0cxx_enum_forward_declarations
    Feature record: CXX_FEATURE:0cxx_explicit_conversions
    Feature record: CXX_FEATURE:0cxx_extended_friend_declarations
    Feature record: CXX_FEATURE:0cxx_extern_templates
    Feature record: CXX_FEATURE:0cxx_final
    Feature record: CXX_FEATURE:0cxx_func_identifier
    Feature record: CXX_FEATURE:0cxx_generalized_initializers
    Feature record: CXX_FEATURE:0cxx_generic_lambdas
    Feature record: CXX_FEATURE:0cxx_inheriting_constructors
    Feature record: CXX_FEATURE:0cxx_inline_namespaces
    Feature record: CXX_FEATURE:0cxx_lambdas
    Feature record: CXX_FEATURE:0cxx_lambda_init_captures
    Feature record: CXX_FEATURE:0cxx_local_type_template_args
    Feature record: CXX_FEATURE:0cxx_long_long_type
    Feature record: CXX_FEATURE:0cxx_noexcept
    Feature record: CXX_FEATURE:0cxx_nonstatic_member_init
    Feature record: CXX_FEATURE:0cxx_nullptr
    Feature record: CXX_FEATURE:0cxx_override
    Feature record: CXX_FEATURE:0cxx_range_for
    Feature record: CXX_FEATURE:0cxx_raw_string_literals
    Feature record: CXX_FEATURE:0cxx_reference_qualified_functions
    Feature record: CXX_FEATURE:0cxx_relaxed_constexpr
    Feature record: CXX_FEATURE:0cxx_return_type_deduction
    Feature record: CXX_FEATURE:0cxx_right_angle_brackets
    Feature record: CXX_FEATURE:0cxx_rvalue_references
    Feature record: CXX_FEATURE:0cxx_sizeof_member
    Feature record: CXX_FEATURE:0cxx_static_assert
    Feature record: CXX_FEATURE:0cxx_strong_enums
    Feature record: CXX_FEATURE:1cxx_template_template_parameters
    Feature record: CXX_FEATURE:0cxx_thread_local
    Feature record: CXX_FEATURE:0cxx_trailing_return_types
    Feature record: CXX_FEATURE:0cxx_unicode_literals
    Feature record: CXX_FEATURE:0cxx_uniform_initialization
    Feature record: CXX_FEATURE:0cxx_unrestricted_unions
    Feature record: CXX_FEATURE:0cxx_user_literals
    Feature record: CXX_FEATURE:0cxx_variable_templates
    Feature record: CXX_FEATURE:0cxx_variadic_macros
    Feature record: CXX_FEATURE:0cxx_variadic_templates
